d:\temp\gpulab2023\shadowmap-initial\gpuproglab\labs\shadowmap\skeleton\x64\release\vc142.pdb
d:\temp\gpulab2023\shadowmap-initial\gpuproglab\labs\shadowmap\skeleton\x64\release\skeleton.obj
d:\temp\gpulab2023\shadowmap-initial\gpuproglab\labs\shadowmap\skeleton\x64\release\texture.obj
d:\temp\gpulab2023\shadowmap-initial\gpuproglab\labs\shadowmap\skeleton\x64\release\shader.obj
d:\temp\gpulab2023\shadowmap-initial\gpuproglab\labs\shadowmap\skeleton\x64\release\quad.obj
d:\temp\gpulab2023\shadowmap-initial\gpuproglab\labs\shadowmap\skeleton\x64\release\pointgrid.obj
d:\temp\gpulab2023\shadowmap-initial\gpuproglab\labs\shadowmap\skeleton\x64\release\opengltimer.obj
d:\temp\gpulab2023\shadowmap-initial\gpuproglab\labs\shadowmap\skeleton\x64\release\model.obj
d:\temp\gpulab2023\shadowmap-initial\gpuproglab\labs\shadowmap\skeleton\x64\release\mesh.obj
d:\temp\gpulab2023\shadowmap-initial\gpuproglab\labs\shadowmap\skeleton\x64\release\framebuffer.obj
d:\temp\gpulab2023\shadowmap-initial\gpuproglab\labs\shadowmap\skeleton\x64\release\debugopengl.obj
d:\temp\gpulab2023\shadowmap-initial\gpuproglab\labs\shadowmap\skeleton\x64\release\camera.obj
d:\temp\gpulab2023\shadowmap-initial\gpuproglab\labs\shadowmap\x64\release\skeleton.exe
d:\temp\gpulab2023\shadowmap-initial\gpuproglab\labs\shadowmap\skeleton\x64\release\skeleton.ipdb
d:\temp\gpulab2023\shadowmap-initial\gpuproglab\labs\shadowmap\skeleton\x64\release\skeleton.iobj
d:\temp\gpulab2023\shadowmap-initial\gpuproglab\labs\shadowmap\x64\release\skeleton.pdb
d:\temp\gpulab2023\shadowmap-initial\gpuproglab\labs\shadowmap\skeleton\x64\release\skeleton.tlog\cl.command.1.tlog
d:\temp\gpulab2023\shadowmap-initial\gpuproglab\labs\shadowmap\skeleton\x64\release\skeleton.tlog\cl.read.1.tlog
d:\temp\gpulab2023\shadowmap-initial\gpuproglab\labs\shadowmap\skeleton\x64\release\skeleton.tlog\cl.write.1.tlog
d:\temp\gpulab2023\shadowmap-initial\gpuproglab\labs\shadowmap\skeleton\x64\release\skeleton.tlog\link.command.1.tlog
d:\temp\gpulab2023\shadowmap-initial\gpuproglab\labs\shadowmap\skeleton\x64\release\skeleton.tlog\link.read.1.tlog
d:\temp\gpulab2023\shadowmap-initial\gpuproglab\labs\shadowmap\skeleton\x64\release\skeleton.tlog\link.write.1.tlog
