c:\bme\2.felev\labor\labor9\shadowmap-initial\gpuproglab\labs\shadowmap\skeleton\x64\debug\vc143.pdb
c:\bme\2.felev\labor\labor9\shadowmap-initial\gpuproglab\labs\shadowmap\skeleton\x64\debug\vc143.idb
c:\bme\2.felev\labor\labor9\shadowmap-initial\gpuproglab\labs\shadowmap\skeleton\x64\debug\skeleton.obj
c:\bme\2.felev\labor\labor9\shadowmap-initial\gpuproglab\labs\shadowmap\skeleton\x64\debug\texture.obj
c:\bme\2.felev\labor\labor9\shadowmap-initial\gpuproglab\labs\shadowmap\skeleton\x64\debug\shader.obj
c:\bme\2.felev\labor\labor9\shadowmap-initial\gpuproglab\labs\shadowmap\skeleton\x64\debug\quad.obj
c:\bme\2.felev\labor\labor9\shadowmap-initial\gpuproglab\labs\shadowmap\skeleton\x64\debug\pointgrid.obj
c:\bme\2.felev\labor\labor9\shadowmap-initial\gpuproglab\labs\shadowmap\skeleton\x64\debug\opengltimer.obj
c:\bme\2.felev\labor\labor9\shadowmap-initial\gpuproglab\labs\shadowmap\skeleton\x64\debug\model.obj
c:\bme\2.felev\labor\labor9\shadowmap-initial\gpuproglab\labs\shadowmap\skeleton\x64\debug\mesh.obj
c:\bme\2.felev\labor\labor9\shadowmap-initial\gpuproglab\labs\shadowmap\skeleton\x64\debug\framebuffer.obj
c:\bme\2.felev\labor\labor9\shadowmap-initial\gpuproglab\labs\shadowmap\skeleton\x64\debug\debugopengl.obj
c:\bme\2.felev\labor\labor9\shadowmap-initial\gpuproglab\labs\shadowmap\skeleton\x64\debug\camera.obj
c:\bme\2.felev\labor\labor9\shadowmap-initial\gpuproglab\labs\shadowmap\x64\debug\skeleton.exe
c:\bme\2.felev\labor\labor9\shadowmap-initial\gpuproglab\labs\shadowmap\skeleton\x64\debug\skeleton.ilk
c:\bme\2.felev\labor\labor9\shadowmap-initial\gpuproglab\labs\shadowmap\x64\debug\skeleton.pdb
c:\bme\2.felev\labor\labor9\shadowmap-initial\gpuproglab\labs\shadowmap\skeleton\x64\debug\skeleton.tlog\cl.command.1.tlog
c:\bme\2.felev\labor\labor9\shadowmap-initial\gpuproglab\labs\shadowmap\skeleton\x64\debug\skeleton.tlog\cl.items.tlog
c:\bme\2.felev\labor\labor9\shadowmap-initial\gpuproglab\labs\shadowmap\skeleton\x64\debug\skeleton.tlog\cl.read.1.tlog
c:\bme\2.felev\labor\labor9\shadowmap-initial\gpuproglab\labs\shadowmap\skeleton\x64\debug\skeleton.tlog\cl.write.1.tlog
c:\bme\2.felev\labor\labor9\shadowmap-initial\gpuproglab\labs\shadowmap\skeleton\x64\debug\skeleton.tlog\link.command.1.tlog
c:\bme\2.felev\labor\labor9\shadowmap-initial\gpuproglab\labs\shadowmap\skeleton\x64\debug\skeleton.tlog\link.read.1.tlog
c:\bme\2.felev\labor\labor9\shadowmap-initial\gpuproglab\labs\shadowmap\skeleton\x64\debug\skeleton.tlog\link.write.1.tlog
