c:\bme\2.felev\labor\labor1\gpuproglab\gpuproglab\labs\skeleton\skeleton\debug\vc143.pdb
c:\bme\2.felev\labor\labor1\gpuproglab\gpuproglab\labs\skeleton\skeleton\debug\vc143.idb
c:\bme\2.felev\labor\labor1\gpuproglab\gpuproglab\labs\skeleton\skeleton\debug\skeleton.obj
c:\bme\2.felev\labor\labor1\gpuproglab\gpuproglab\labs\skeleton\skeleton\debug\texture.obj
c:\bme\2.felev\labor\labor1\gpuproglab\gpuproglab\labs\skeleton\skeleton\debug\shader.obj
c:\bme\2.felev\labor\labor1\gpuproglab\gpuproglab\labs\skeleton\skeleton\debug\quad.obj
c:\bme\2.felev\labor\labor1\gpuproglab\gpuproglab\labs\skeleton\skeleton\debug\pointgrid.obj
c:\bme\2.felev\labor\labor1\gpuproglab\gpuproglab\labs\skeleton\skeleton\debug\opengltimer.obj
c:\bme\2.felev\labor\labor1\gpuproglab\gpuproglab\labs\skeleton\skeleton\debug\framebuffer.obj
c:\bme\2.felev\labor\labor1\gpuproglab\gpuproglab\labs\skeleton\skeleton\debug\debugopengl.obj
c:\bme\2.felev\labor\labor4\gpuproglab\labs\skeleton\skeleton\debug\vc143.pdb
c:\bme\2.felev\labor\labor4\gpuproglab\labs\skeleton\skeleton\debug\vc143.idb
c:\bme\2.felev\labor\labor4\gpuproglab\labs\skeleton\skeleton\debug\skeleton.obj
c:\bme\2.felev\labor\labor4\gpuproglab\labs\skeleton\skeleton\debug\texture.obj
c:\bme\2.felev\labor\labor4\gpuproglab\labs\skeleton\skeleton\debug\shader.obj
c:\bme\2.felev\labor\labor4\gpuproglab\labs\skeleton\skeleton\debug\quad.obj
c:\bme\2.felev\labor\labor4\gpuproglab\labs\skeleton\skeleton\debug\pointgrid.obj
c:\bme\2.felev\labor\labor4\gpuproglab\labs\skeleton\skeleton\debug\opengltimer.obj
c:\bme\2.felev\labor\labor4\gpuproglab\labs\skeleton\skeleton\debug\framebuffer.obj
c:\bme\2.felev\labor\labor4\gpuproglab\labs\skeleton\skeleton\debug\debugopengl.obj
c:\bme\2.felev\labor\labor1\gpuproglab\gpuproglab\labs\skeleton\bin\skeleton.exe
c:\bme\2.felev\labor\labor1\gpuproglab\gpuproglab\labs\skeleton\skeleton\debug\skeleton.ilk
c:\bme\2.felev\labor\labor1\gpuproglab\gpuproglab\labs\skeleton\bin\skeleton.pdb
c:\bme\2.felev\labor\labor4\gpuproglab\labs\skeleton\bin\skeleton.exe
c:\bme\2.felev\labor\labor4\gpuproglab\labs\skeleton\skeleton\debug\skeleton.ilk
c:\bme\2.felev\labor\labor4\gpuproglab\labs\skeleton\bin\skeleton.pdb
c:\bme\2.felev\labor\labor4\gpuproglab\labs\skeleton\skeleton\debug\skeleton.tlog\cl.command.1.tlog
c:\bme\2.felev\labor\labor4\gpuproglab\labs\skeleton\skeleton\debug\skeleton.tlog\cl.read.1.tlog
c:\bme\2.felev\labor\labor4\gpuproglab\labs\skeleton\skeleton\debug\skeleton.tlog\cl.write.1.tlog
c:\bme\2.felev\labor\labor4\gpuproglab\labs\skeleton\skeleton\debug\skeleton.tlog\link.command.1.tlog
c:\bme\2.felev\labor\labor4\gpuproglab\labs\skeleton\skeleton\debug\skeleton.tlog\link.read.1.tlog
c:\bme\2.felev\labor\labor4\gpuproglab\labs\skeleton\skeleton\debug\skeleton.tlog\link.write.1.tlog
